빌드 시작: 2014-11-11 오후 3:43:13
     1>2 노드의 "F:\1학년\2학기 학교수업자료\C언어\20141111_구조체\20141111_구조체\20141111_구조체.vcxproj" 프로젝트(build 대상)입니다.
     1>InitializeBuildStatus:
         "Debug\20141111_구조체.unsuccessfulbuild"에 연결(touching)하고 있습니다.
       ClCompile:
         C:\Program Files\Microsoft Visual Studio 10.0\VC\bin\CL.exe /c /ZI /nologo /W3 /WX- /Od /Oy- /D WIN32 /D _DEBUG /D _CONSOLE /D _UNICODE /D UNICODE /Gm /EHsc /RTC1 /MDd /GS /fp:precise /Zc:wchar_t /Zc:forScope /Fo"Debug\\" /Fd"Debug\vc100.pdb" /Gd /TC /analyze- /errorReport:prompt "구조체.c"
         구조체.c
     1>f:\1학년\2학기 학교수업자료\c언어\20141111_구조체\20141111_구조체\구조체.c(11): error C2628: 'student' 다음에 'void'이(가) 올 수 없습니다. ';'이 있어야 합니다.
     1>f:\1학년\2학기 학교수업자료\c언어\20141111_구조체\20141111_구조체\구조체.c(13): error C2065: 'student' : 선언되지 않은 식별자입니다.
     1>f:\1학년\2학기 학교수업자료\c언어\20141111_구조체\20141111_구조체\구조체.c(13): error C2146: 구문 오류 : ';'이(가) 'std' 식별자 앞에 없습니다.
     1>f:\1학년\2학기 학교수업자료\c언어\20141111_구조체\20141111_구조체\구조체.c(13): error C2065: 'std' : 선언되지 않은 식별자입니다.
     1>f:\1학년\2학기 학교수업자료\c언어\20141111_구조체\20141111_구조체\구조체.c(16): error C2065: 'std' : 선언되지 않은 식별자입니다.
     1>f:\1학년\2학기 학교수업자료\c언어\20141111_구조체\20141111_구조체\구조체.c(16): error C2224: '.name' 왼쪽에는 구조체/공용 구조체 형식이 있어야 합니다.
     1>f:\1학년\2학기 학교수업자료\c언어\20141111_구조체\20141111_구조체\구조체.c(16): error C2198: 'gets' : 호출에 매개 변수가 너무 적습니다.
     1>f:\1학년\2학기 학교수업자료\c언어\20141111_구조체\20141111_구조체\구조체.c(18): error C2065: 'std' : 선언되지 않은 식별자입니다.
     1>f:\1학년\2학기 학교수업자료\c언어\20141111_구조체\20141111_구조체\구조체.c(18): error C2224: '.kor' 왼쪽에는 구조체/공용 구조체 형식이 있어야 합니다.
     1>f:\1학년\2학기 학교수업자료\c언어\20141111_구조체\20141111_구조체\구조체.c(18): error C2065: 'std' : 선언되지 않은 식별자입니다.
     1>f:\1학년\2학기 학교수업자료\c언어\20141111_구조체\20141111_구조체\구조체.c(18): error C2224: '.eng' 왼쪽에는 구조체/공용 구조체 형식이 있어야 합니다.
     1>f:\1학년\2학기 학교수업자료\c언어\20141111_구조체\20141111_구조체\구조체.c(18): error C2065: 'std' : 선언되지 않은 식별자입니다.
     1>f:\1학년\2학기 학교수업자료\c언어\20141111_구조체\20141111_구조체\구조체.c(18): error C2224: '.mat' 왼쪽에는 구조체/공용 구조체 형식이 있어야 합니다.
     1>f:\1학년\2학기 학교수업자료\c언어\20141111_구조체\20141111_구조체\구조체.c(19): error C2065: 'std' : 선언되지 않은 식별자입니다.
     1>f:\1학년\2학기 학교수업자료\c언어\20141111_구조체\20141111_구조체\구조체.c(19): error C2224: '.tot' 왼쪽에는 구조체/공용 구조체 형식이 있어야 합니다.
     1>f:\1학년\2학기 학교수업자료\c언어\20141111_구조체\20141111_구조체\구조체.c(19): error C2065: 'std' : 선언되지 않은 식별자입니다.
     1>f:\1학년\2학기 학교수업자료\c언어\20141111_구조체\20141111_구조체\구조체.c(19): error C2224: '.kor' 왼쪽에는 구조체/공용 구조체 형식이 있어야 합니다.
     1>f:\1학년\2학기 학교수업자료\c언어\20141111_구조체\20141111_구조체\구조체.c(19): error C2065: 'std' : 선언되지 않은 식별자입니다.
     1>f:\1학년\2학기 학교수업자료\c언어\20141111_구조체\20141111_구조체\구조체.c(19): error C2224: '.eng' 왼쪽에는 구조체/공용 구조체 형식이 있어야 합니다.
     1>f:\1학년\2학기 학교수업자료\c언어\20141111_구조체\20141111_구조체\구조체.c(19): error C2065: 'std' : 선언되지 않은 식별자입니다.
     1>f:\1학년\2학기 학교수업자료\c언어\20141111_구조체\20141111_구조체\구조체.c(19): error C2224: '.mat' 왼쪽에는 구조체/공용 구조체 형식이 있어야 합니다.
     1>f:\1학년\2학기 학교수업자료\c언어\20141111_구조체\20141111_구조체\구조체.c(20): error C2065: 'std' : 선언되지 않은 식별자입니다.
     1>f:\1학년\2학기 학교수업자료\c언어\20141111_구조체\20141111_구조체\구조체.c(20): error C2224: '.avg' 왼쪽에는 구조체/공용 구조체 형식이 있어야 합니다.
     1>f:\1학년\2학기 학교수업자료\c언어\20141111_구조체\20141111_구조체\구조체.c(20): error C2065: 'std' : 선언되지 않은 식별자입니다.
     1>f:\1학년\2학기 학교수업자료\c언어\20141111_구조체\20141111_구조체\구조체.c(20): error C2224: '.tot' 왼쪽에는 구조체/공용 구조체 형식이 있어야 합니다.
     1>f:\1학년\2학기 학교수업자료\c언어\20141111_구조체\20141111_구조체\구조체.c(24): error C2065: 'std' : 선언되지 않은 식별자입니다.
     1>f:\1학년\2학기 학교수업자료\c언어\20141111_구조체\20141111_구조체\구조체.c(24): error C2224: '.name' 왼쪽에는 구조체/공용 구조체 형식이 있어야 합니다.
     1>f:\1학년\2학기 학교수업자료\c언어\20141111_구조체\20141111_구조체\구조체.c(24): error C2065: 'std' : 선언되지 않은 식별자입니다.
     1>f:\1학년\2학기 학교수업자료\c언어\20141111_구조체\20141111_구조체\구조체.c(24): error C2224: '.kor' 왼쪽에는 구조체/공용 구조체 형식이 있어야 합니다.
     1>f:\1학년\2학기 학교수업자료\c언어\20141111_구조체\20141111_구조체\구조체.c(24): error C2065: 'std' : 선언되지 않은 식별자입니다.
     1>f:\1학년\2학기 학교수업자료\c언어\20141111_구조체\20141111_구조체\구조체.c(24): error C2224: '.eng' 왼쪽에는 구조체/공용 구조체 형식이 있어야 합니다.
     1>f:\1학년\2학기 학교수업자료\c언어\20141111_구조체\20141111_구조체\구조체.c(24): error C2065: 'std' : 선언되지 않은 식별자입니다.
     1>f:\1학년\2학기 학교수업자료\c언어\20141111_구조체\20141111_구조체\구조체.c(24): error C2224: '.mat' 왼쪽에는 구조체/공용 구조체 형식이 있어야 합니다.
     1>f:\1학년\2학기 학교수업자료\c언어\20141111_구조체\20141111_구조체\구조체.c(24): error C2065: 'std' : 선언되지 않은 식별자입니다.
     1>f:\1학년\2학기 학교수업자료\c언어\20141111_구조체\20141111_구조체\구조체.c(24): error C2224: '.tot' 왼쪽에는 구조체/공용 구조체 형식이 있어야 합니다.
     1>f:\1학년\2학기 학교수업자료\c언어\20141111_구조체\20141111_구조체\구조체.c(24): error C2065: 'std' : 선언되지 않은 식별자입니다.
     1>f:\1학년\2학기 학교수업자료\c언어\20141111_구조체\20141111_구조체\구조체.c(24): error C2224: '.avg' 왼쪽에는 구조체/공용 구조체 형식이 있어야 합니다.
     1>"F:\1학년\2학기 학교수업자료\C언어\20141111_구조체\20141111_구조체\20141111_구조체.vcxproj" 프로젝트를 빌드했습니다(build 대상). - 실패

빌드하지 못했습니다.

경과 시간: 00:00:00.37
