빌드 시작: 2014-11-25 오후 1:47:14
     1>2 노드의 "c:\Users\HH311\documents\visual studio 2010\Projects\20141125_공용체_열거형_편민형\20141125_공용체_열거형_편민형\20141125_공용체_열거형_편민형.vcxproj" 프로젝트(build 대상)입니다.
     1>InitializeBuildStatus:
         "AlwaysCreate"이(가) 지정되었기 때문에 "Release\20141125_공용체_열거형_편민형.unsuccessfulbuild"을(를) 만들고 있습니다.
       ClCompile:
         C:\Program Files\Microsoft Visual Studio 10.0\VC\bin\CL.exe /c /Zi /nologo /W3 /WX- /O2 /Oi /Oy- /GL /D WIN32 /D NDEBUG /D _CONSOLE /D _UNICODE /D UNICODE /Gm- /EHsc /MD /GS /Gy /fp:precise /Zc:wchar_t /Zc:forScope /Fo"Release\\" /Fd"Release\vc100.pdb" /Gd /TC /analyze- /errorReport:prompt "공용체.c"
         공용체.c
       Link:
         C:\Program Files\Microsoft Visual Studio 10.0\VC\bin\link.exe /ERRORREPORT:PROMPT /OUT:"c:\users\hh311\documents\visual studio 2010\Projects\20141125_공용체_열거형_편민형\Release\20141125_공용체_열거형_편민형.exe" /INCREMENTAL:NO /NOLOGO kernel32.lib user32.lib gdi32.lib winspool.lib comdlg32.lib advapi32.lib shell32.lib ole32.lib oleaut32.lib uuid.lib odbc32.lib odbccp32.lib /MANIFEST /ManifestFile:"Release\20141125_공용체_열거형_편민형.exe.intermediate.manifest" /MANIFESTUAC:"level='asInvoker' uiAccess='false'" /DEBUG /PDB:"c:\users\hh311\documents\visual studio 2010\Projects\20141125_공용체_열거형_편민형\Release\20141125_공용체_열거형_편민형.pdb" /SUBSYSTEM:CONSOLE /OPT:REF /OPT:ICF /LTCG /TLBID:1 /DYNAMICBASE /NXCOMPAT /IMPLIB:"c:\users\hh311\documents\visual studio 2010\Projects\20141125_공용체_열거형_편민형\Release\20141125_공용체_열거형_편민형.lib" /MACHINE:X86 "Release\공용체.obj"
         코드를 생성하고 있습니다.
         코드를 생성했습니다.
         20141125_공용체_열거형_편민형.vcxproj -> c:\users\hh311\documents\visual studio 2010\Projects\20141125_공용체_열거형_편민형\Release\20141125_공용체_열거형_편민형.exe
       Manifest:
         C:\Program Files\Microsoft SDKs\Windows\v7.0A\bin\mt.exe /nologo /verbose /outputresource:"c:\users\hh311\documents\visual studio 2010\Projects\20141125_공용체_열거형_편민형\Release\20141125_공용체_열거형_편민형.exe;#1" /manifest "Release\20141125_공용체_열거형_편민형.exe.intermediate.manifest"
       FinalizeBuildStatus:
         "Release\20141125_공용체_열거형_편민형.unsuccessfulbuild" 파일을 삭제하고 있습니다.
         "Release\20141125_공용체_열거형_편민형.lastbuildstate"에 연결(touching)하고 있습니다.
     1>"c:\Users\HH311\documents\visual studio 2010\Projects\20141125_공용체_열거형_편민형\20141125_공용체_열거형_편민형\20141125_공용체_열거형_편민형.vcxproj" 프로젝트를 빌드했습니다(build 대상).

빌드했습니다.

경과 시간: 00:00:00.29
