빌드 시작: 2014-11-18 오후 3:41:23
     1>2 노드의 "F:\1학년\2학기 학교수업자료\C언어\20141118_C언어_구조체포인터출력\20141118_C언어_구조체포인터출력\20141118_C언어_구조체포인터출력.vcxproj" 프로젝트(build 대상)입니다.
     1>InitializeBuildStatus:
         "Debug\20141118_C언어_구조체포인터출력.unsuccessfulbuild"에 연결(touching)하고 있습니다.
       ClCompile:
         C:\Program Files\Microsoft Visual Studio 10.0\VC\bin\CL.exe /c /ZI /nologo /W3 /WX- /Od /Oy- /D WIN32 /D _DEBUG /D _CONSOLE /D _UNICODE /D UNICODE /Gm /EHsc /RTC1 /MDd /GS /fp:precise /Zc:wchar_t /Zc:forScope /Fo"Debug\\" /Fd"Debug\vc100.pdb" /Gd /TP /analyze- /errorReport:prompt "구조체 포인터.cpp"
         구조체 포인터.cpp
     1>f:\1학년\2학기 학교수업자료\c언어\20141118_c언어_구조체포인터출력\20141118_c언어_구조체포인터출력\구조체 포인터.cpp(15): warning C4996: 'strcpy': This function or variable may be unsafe. Consider using strcpy_s instead. To disable deprecation, use _CRT_SECURE_NO_WARNINGS. See online help for details.
                 c:\program files\microsoft visual studio 10.0\vc\include\string.h(105) : 'strcpy' 선언을 참조하십시오.
       ManifestResourceCompile:
         C:\Program Files\Microsoft SDKs\Windows\v7.0A\bin\rc.exe /nologo /fo"Debug\20141118_C언어_구조체포인터출력.exe.embed.manifest.res" "Debug\20141118_C언어_구조체포인터출력_manifest.rc" 
       Link:
         C:\Program Files\Microsoft Visual Studio 10.0\VC\bin\link.exe /ERRORREPORT:PROMPT /OUT:"F:\1학년\2학기 학교수업자료\C언어\20141118_C언어_구조체포인터출력\Debug\20141118_C언어_구조체포인터출력.exe" /INCREMENTAL /NOLOGO kernel32.lib user32.lib gdi32.lib winspool.lib comdlg32.lib advapi32.lib shell32.lib ole32.lib oleaut32.lib uuid.lib odbc32.lib odbccp32.lib /MANIFEST /ManifestFile:"Debug\20141118_C언어_구조체포인터출력.exe.intermediate.manifest" /MANIFESTUAC:"level='asInvoker' uiAccess='false'" /DEBUG /PDB:"F:\1학년\2학기 학교수업자료\C언어\20141118_C언어_구조체포인터출력\Debug\20141118_C언어_구조체포인터출력.pdb" /SUBSYSTEM:CONSOLE /TLBID:1 /DYNAMICBASE /NXCOMPAT /IMPLIB:"F:\1학년\2학기 학교수업자료\C언어\20141118_C언어_구조체포인터출력\Debug\20141118_C언어_구조체포인터출력.lib" /MACHINE:X86 "Debug\20141118_C언어_구조체포인터출력.exe.embed.manifest.res"
         "Debug\구조체 포인터.obj"
       Manifest:
         C:\Program Files\Microsoft SDKs\Windows\v7.0A\bin\mt.exe /nologo /verbose /out:"Debug\20141118_C언어_구조체포인터출력.exe.embed.manifest" /manifest "Debug\20141118_C언어_구조체포인터출력.exe.intermediate.manifest"
         C:\Program Files\Microsoft SDKs\Windows\v7.0A\bin\rc.exe /nologo /fo"Debug\20141118_C언어_구조체포인터출력.exe.embed.manifest.res" "Debug\20141118_C언어_구조체포인터출력_manifest.rc" 
       LinkEmbedManifest:
         C:\Program Files\Microsoft Visual Studio 10.0\VC\bin\link.exe /ERRORREPORT:PROMPT /OUT:"F:\1학년\2학기 학교수업자료\C언어\20141118_C언어_구조체포인터출력\Debug\20141118_C언어_구조체포인터출력.exe" /INCREMENTAL /NOLOGO kernel32.lib user32.lib gdi32.lib winspool.lib comdlg32.lib advapi32.lib shell32.lib ole32.lib oleaut32.lib uuid.lib odbc32.lib odbccp32.lib /MANIFEST /ManifestFile:"Debug\20141118_C언어_구조체포인터출력.exe.intermediate.manifest" /MANIFESTUAC:"level='asInvoker' uiAccess='false'" /DEBUG /PDB:"F:\1학년\2학기 학교수업자료\C언어\20141118_C언어_구조체포인터출력\Debug\20141118_C언어_구조체포인터출력.pdb" /SUBSYSTEM:CONSOLE /TLBID:1 /DYNAMICBASE /NXCOMPAT /IMPLIB:"F:\1학년\2학기 학교수업자료\C언어\20141118_C언어_구조체포인터출력\Debug\20141118_C언어_구조체포인터출력.lib" /MACHINE:X86 "Debug\20141118_C언어_구조체포인터출력.exe.embed.manifest.res"
         "Debug\구조체 포인터.obj"
         20141118_C언어_구조체포인터출력.vcxproj -> F:\1학년\2학기 학교수업자료\C언어\20141118_C언어_구조체포인터출력\Debug\20141118_C언어_구조체포인터출력.exe
       FinalizeBuildStatus:
         "Debug\20141118_C언어_구조체포인터출력.unsuccessfulbuild" 파일을 삭제하고 있습니다.
         "Debug\20141118_C언어_구조체포인터출력.lastbuildstate"에 연결(touching)하고 있습니다.
     1>"F:\1학년\2학기 학교수업자료\C언어\20141118_C언어_구조체포인터출력\20141118_C언어_구조체포인터출력\20141118_C언어_구조체포인터출력.vcxproj" 프로젝트를 빌드했습니다(build 대상).

빌드했습니다.

경과 시간: 00:00:08.87
